# JRE version: Java(TM) SE Runtime Environment (8.0_60-b27) (build 1.8.0_60-b27)
# Java VM: Java HotSpot(TM) 64-Bit Server VM (25.60-b23 mixed mode windows-amd64 compressed oops)
Heap:
 PSYoungGen      total 543232K, used 521204K [0x000000076cb00000, 0x0000000798d00000, 0x00000007c0000000)
  eden space 459776K, 95% used [0x000000076cb00000,0x00000007876c3b60,0x0000000788c00000)
  from space 83456K, 99% used [0x0000000789680000,0x000000078e7b97a0,0x000000078e800000)
  to   space 131584K, 0% used [0x0000000790c80000,0x0000000790c80000,0x0000000798d00000)
 ParOldGen       total 1365504K, used 904065K [0x00000006c6000000, 0x0000000719580000, 0x000000076cb00000)
  object space 1365504K, 66% used [0x00000006c6000000,0x00000006fd2e07d8,0x0000000719580000)
 Metaspace       used 23588K, capacity 24858K, committed 25216K, reserved 1071104K
  class space    used 3120K, capacity 3356K, committed 3456K, reserved 1048576K
GC Heap History (10 events):
Event: 57.543 GC heap before
{Heap before GC invocations=5 (full 2):
 PSYoungGen      total 597504K, used 480193K [0x000000076cb00000, 0x0000000796580000, 0x00000007c0000000)
  eden space 512512K, 93% used [0x000000076cb00000,0x0000000789ff04e8,0x000000078bf80000)
  from space 84992K, 0% used [0x0000000791280000,0x0000000791280000,0x0000000796580000)
  to   space 84992K, 0% used [0x000000078bf80000,0x000000078bf80000,0x0000000791280000)
 ParOldGen       total 1365504K, used 12822K [0x00000006c6000000, 0x0000000719580000, 0x000000076cb00000)
  object space 1365504K, 0% used [0x00000006c6000000,0x00000006c6c85b28,0x0000000719580000)
 Metaspace       used 22396K, capacity 23614K, committed 23808K, reserved 1069056K
  class space    used 3069K, capacity 3318K, committed 3328K, reserved 1048576K
Event: 57.646 GC heap after
Heap after GC invocations=5 (full 2):
 PSYoungGen      total 597504K, used 66418K [0x000000076cb00000, 0x0000000796580000, 0x00000007c0000000)
  eden space 512512K, 0% used [0x000000076cb00000,0x000000076cb00000,0x000000078bf80000)
  from space 84992K, 78% used [0x000000078bf80000,0x000000079005c840,0x0000000791280000)
  to   space 84992K, 0% used [0x0000000791280000,0x0000000791280000,0x0000000796580000)
 ParOldGen       total 1365504K, used 309901K [0x00000006c6000000, 0x0000000719580000, 0x000000076cb00000)
  object space 1365504K, 22% used [0x00000006c6000000,0x00000006d8ea34b8,0x0000000719580000)
 Metaspace       used 22396K, capacity 23614K, committed 23808K, reserved 1069056K
  class space    used 3069K, capacity 3318K, committed 3328K, reserved 1048576K
}
Event: 160.494 GC heap before
{Heap before GC invocations=6 (full 2):
 PSYoungGen      total 597504K, used 578930K [0x000000076cb00000, 0x0000000796580000, 0x00000007c0000000)
  eden space 512512K, 100% used [0x000000076cb00000,0x000000078bf80000,0x000000078bf80000)
  from space 84992K, 78% used [0x000000078bf80000,0x000000079005c840,0x0000000791280000)
  to   space 84992K, 0% used [0x0000000791280000,0x0000000791280000,0x0000000796580000)
 ParOldGen       total 1365504K, used 309901K [0x00000006c6000000, 0x0000000719580000, 0x000000076cb00000)
  object space 1365504K, 22% used [0x00000006c6000000,0x00000006d8ea34b8,0x0000000719580000)
 Metaspace       used 23302K, capacity 24602K, committed 24960K, reserved 1071104K
  class space    used 3115K, capacity 3356K, committed 3456K, reserved 1048576K
Event: 160.708 GC heap after
Heap after GC invocations=6 (full 2):
 PSYoungGen      total 597504K, used 75753K [0x000000076cb00000, 0x0000000796580000, 0x00000007c0000000)
  eden space 512512K, 0% used [0x000000076cb00000,0x000000076cb00000,0x000000078bf80000)
  from space 84992K, 89% used [0x0000000791280000,0x0000000795c7a7a0,0x0000000796580000)
  to   space 84992K, 0% used [0x000000078bf80000,0x000000078bf80000,0x0000000791280000)
 ParOldGen       total 1365504K, used 428737K [0x00000006c6000000, 0x0000000719580000, 0x000000076cb00000)
  object space 1365504K, 31% used [0x00000006c6000000,0x00000006e02b0558,0x0000000719580000)
 Metaspace       used 23302K, capacity 24602K, committed 24960K, reserved 1071104K
  class space    used 3115K, capacity 3356K, committed 3456K, reserved 1048576K
}
Event: 187.140 GC heap before
{Heap before GC invocations=7 (full 2):
 PSYoungGen      total 597504K, used 535369K [0x000000076cb00000, 0x0000000796580000, 0x00000007c0000000)
  eden space 512512K, 89% used [0x000000076cb00000,0x0000000788bd7d98,0x000000078bf80000)
  from space 84992K, 89% used [0x0000000791280000,0x0000000795c7a7a0,0x0000000796580000)
  to   space 84992K, 0% used [0x000000078bf80000,0x000000078bf80000,0x0000000791280000)
 ParOldGen       total 1365504K, used 428737K [0x00000006c6000000, 0x0000000719580000, 0x000000076cb00000)
  object space 1365504K, 31% used [0x00000006c6000000,0x00000006e02b0558,0x0000000719580000)
 Metaspace       used 23375K, capacity 24602K, committed 24960K, reserved 1071104K
  class space    used 3119K, capacity 3356K, committed 3456K, reserved 1048576K
Event: 187.408 GC heap after
Heap after GC invocations=7 (full 2):
 PSYoungGen      total 597504K, used 83109K [0x000000076cb00000, 0x0000000796580000, 0x00000007c0000000)
  eden space 512512K, 0% used [0x000000076cb00000,0x000000076cb00000,0x000000078bf80000)
  from space 84992K, 97% used [0x000000078bf80000,0x00000007910a97a0,0x0000000791280000)
  to   space 84992K, 0% used [0x0000000791280000,0x0000000791280000,0x0000000796580000)
 ParOldGen       total 1365504K, used 785229K [0x00000006c6000000, 0x0000000719580000, 0x000000076cb00000)
  object space 1365504K, 57% used [0x00000006c6000000,0x00000006f5ed3738,0x0000000719580000)
 Metaspace       used 23375K, capacity 24602K, committed 24960K, reserved 1071104K
  class space    used 3119K, capacity 3356K, committed 3456K, reserved 1048576K
}
Event: 239.688 GC heap before
{Heap before GC invocations=8 (full 2):
 PSYoungGen      total 597504K, used 583705K [0x000000076cb00000, 0x0000000796580000, 0x00000007c0000000)
  eden space 512512K, 97% used [0x000000076cb00000,0x000000078b3dcda8,0x000000078bf80000)
  from space 84992K, 97% used [0x000000078bf80000,0x00000007910a97a0,0x0000000791280000)
  to   space 84992K, 0% used [0x0000000791280000,0x0000000791280000,0x0000000796580000)
 ParOldGen       total 1365504K, used 785229K [0x00000006c6000000, 0x0000000719580000, 0x000000076cb00000)
  object space 1365504K, 57% used [0x00000006c6000000,0x00000006f5ed3738,0x0000000719580000)
 Metaspace       used 23471K, capacity 24730K, committed 24960K, reserved 1071104K
  class space    used 3119K, capacity 3356K, committed 3456K, reserved 1048576K
Event: 239.798 GC heap after
Heap after GC invocations=8 (full 2):
 PSYoungGen      total 555520K, used 83395K [0x000000076cb00000, 0x000000079ab00000, 0x00000007c0000000)
  eden space 470528K, 0% used [0x000000076cb00000,0x000000076cb00000,0x0000000789680000)
  from space 84992K, 98% used [0x0000000791280000,0x00000007963f0ce0,0x0000000796580000)
  to   space 126976K, 0% used [0x0000000789680000,0x0000000789680000,0x0000000791280000)
 ParOldGen       total 1365504K, used 904065K [0x00000006c6000000, 0x0000000719580000, 0x000000076cb00000)
  object space 1365504K, 66% used [0x00000006c6000000,0x00000006fd2e07d8,0x0000000719580000)
 Metaspace       used 23471K, capacity 24730K, committed 24960K, reserved 1071104K
  class space    used 3119K, capacity 3356K, committed 3456K, reserved 1048576K
}
Event: 263.917 GC heap before
{Heap before GC invocations=9 (full 2):
 PSYoungGen      total 555520K, used 542891K [0x000000076cb00000, 0x000000079ab00000, 0x00000007c0000000)
  eden space 470528K, 97% used [0x000000076cb00000,0x0000000788bba168,0x0000000789680000)
  from space 84992K, 98% used [0x0000000791280000,0x00000007963f0ce0,0x0000000796580000)
  to   space 126976K, 0% used [0x0000000789680000,0x0000000789680000,0x0000000791280000)
 ParOldGen       total 1365504K, used 904065K [0x00000006c6000000, 0x0000000719580000, 0x000000076cb00000)
  object space 1365504K, 66% used [0x00000006c6000000,0x00000006fd2e07d8,0x0000000719580000)
 Metaspace       used 23540K, capacity 24794K, committed 24960K, reserved 1071104K
  class space    used 3119K, capacity 3356K, committed 3456K, reserved 1048576K
Event: 263.942 GC heap after
Heap after GC invocations=9 (full 2):
 PSYoungGen      total 543232K, used 83173K [0x000000076cb00000, 0x0000000798d00000, 0x00000007c0000000)
  eden space 459776K, 0% used [0x000000076cb00000,0x000000076cb00000,0x0000000788c00000)
  from space 83456K, 99% used [0x0000000789680000,0x000000078e7b97a0,0x000000078e800000)
  to   space 131584K, 0% used [0x0000000790c80000,0x0000000790c80000,0x0000000798d00000)
 ParOldGen       total 1365504K, used 904065K [0x00000006c6000000, 0x0000000719580000, 0x000000076cb00000)
  object space 1365504K, 66% used [0x00000006c6000000,0x00000006fd2e07d8,0x0000000719580000)
 Metaspace       used 23540K, capacity 24794K, committed 24960K, reserved 1071104K
  class space    used 3119K, capacity 3356K, committed 3456K, reserved 1048576K
}

